<?xml version="1.0" encoding="UTF-8"?>
<!-- Generated by org.testng.reporters.JUnitReportReporter -->
<testsuite skipped="1" hostname="XAV-602000043" name="RestAssured.GetTest" tests="2" failures="0" timestamp="01 Aug 2019 11:34:54 GMT" time="1.947" errors="0">
  <testcase name="weatherMessageBody" time="1.947" classname="RestAssured.GetTest"/>
  <testcase name="getWeatherDetails" classname="RestAssured.GetTest">
    <skipped/>
  </testcase> <!-- getWeatherDetails -->
</testsuite> <!-- RestAssured.GetTest -->
