<?xml version="1.0" encoding="UTF-8"?>
<!-- Generated by org.testng.reporters.JUnitReportReporter -->
<testsuite skipped="0" hostname="XAV-602000043" name="getTest.ResponseBodyManipulations" tests="1" failures="0" timestamp="02 Aug 2019 09:19:08 GMT" time="2.361" errors="0">
  <testcase name="weatherMessageBody" time="2.361" classname="getTest.ResponseBodyManipulations"/>
</testsuite> <!-- getTest.ResponseBodyManipulations -->
