<?xml version="1.0" encoding="UTF-8"?>
<!-- Generated by org.testng.reporters.JUnitReportReporter -->
<testsuite skipped="1" hostname="XAV-602000043" name="getTest.GetNodeFromResponseBodyUsingJsonPath" tests="2" failures="0" timestamp="01 Aug 2019 11:47:59 GMT" time="3.599" errors="0">
  <testcase name="DisplayAllNodesInWeatherAPI" time="3.599" classname="getTest.GetNodeFromResponseBodyUsingJsonPath"/>
  <testcase name="VerifyCityInJsonResponse" classname="getTest.GetNodeFromResponseBodyUsingJsonPath">
    <skipped/>
  </testcase> <!-- VerifyCityInJsonResponse -->
</testsuite> <!-- getTest.GetNodeFromResponseBodyUsingJsonPath -->
