<?xml version="1.0" encoding="UTF-8"?>
<!-- Generated by org.testng.reporters.JUnitReportReporter -->
<testsuite skipped="0" hostname="XAV-602000043" name="authentication.AuthenticationBasics" tests="1" failures="0" timestamp="02 Aug 2019 11:26:48 GMT" time="1.897" errors="0">
  <testcase name="AuthenticationBasic" time="1.897" classname="authentication.AuthenticationBasics"/>
</testsuite> <!-- authentication.AuthenticationBasics -->
